build/app/outputs/mapping/release/mapping.txt
# compiler: R8
# compiler_version: 1.5.64
# min_api: 17
# pg_map_id: 2512365
com.gurukitchenam.driver.Application -> com.gurukitchenam.driver.Application:
    void registerWith(io.flutter.plugin.common.PluginRegistry) -> a
com.gurukitchenam.driver.FirebaseCloudMessagingPluginRegistrant -> com.gurukitchenam.driver.a:
    com.gurukitchenam.driver.FirebaseCloudMessagingPluginRegistrant INSTANCE -> a
    void registerWith(io.flutter.plugin.common.PluginRegistry) -> a
    boolean alreadyRegisteredWith(io.flutter.plugin.common.PluginRegistry) -> b
...
io.flutter.plugins.firebasemessaging.FirebaseMessagingPlugin -> io.flutter.plugins.firebasemessaging.a:
    android.content.Context applicationContext -> b
    io.flutter.plugin.common.MethodChannel channel -> a
    android.app.Activity mainActivity -> c
    io.flutter.plugin.common.MethodChannel access$000(io.flutter.plugins.firebasemessaging.FirebaseMessagingPlugin) -> a
    void onAttachedToActivity(io.flutter.embedding.engine.plugins.activity.ActivityPluginBinding) -> a
    void onAttachedToEngine(android.content.Context,io.flutter.plugin.common.BinaryMessenger) -> a
    void onDetachedFromActivity() -> a
    void onDetachedFromEngine(io.flutter.embedding.engine.plugins.FlutterPlugin$FlutterPluginBinding) -> a
    void onMethodCall(io.flutter.plugin.common.MethodCall,io.flutter.plugin.common.MethodChannel$Result) -> a
    boolean onNewIntent(android.content.Intent) -> a
    java.util.Map parseRemoteMessage(com.google.firebase.messaging.RemoteMessage) -> a
    void registerWith(io.flutter.plugin.common.PluginRegistry$Registrar) -> a
    boolean sendMessageFromIntent(java.lang.String,android.content.Intent) -> a
    void setActivity(android.app.Activity) -> a
    android.app.Activity access$100(io.flutter.plugins.firebasemessaging.FirebaseMessagingPlugin) -> b
    void onAttachedToEngine(io.flutter.embedding.engine.plugins.FlutterPlugin$FlutterPluginBinding) -> b
    void onDetachedFromActivityForConfigChanges() -> b
io.flutter.plugins.firebasemessaging.FirebaseMessagingPlugin$1 -> io.flutter.plugins.firebasemessaging.a$a:
    io.flutter.plugins.firebasemessaging.FirebaseMessagingPlugin this$0 -> a
    void onComplete(com.google.android.gms.tasks.Task) -> a
io.flutter.plugins.firebasemessaging.FirebaseMessagingPlugin$2 -> io.flutter.plugins.firebasemessaging.a$b:
    io.flutter.plugin.common.MethodChannel$Result val$result -> a
    void onComplete(com.google.android.gms.tasks.Task) -> a
io.flutter.plugins.firebasemessaging.FirebaseMessagingPlugin$3 -> io.flutter.plugins.firebasemessaging.a$c:
    io.flutter.plugin.common.MethodChannel$Result val$result -> a
    void onComplete(com.google.android.gms.tasks.Task) -> a
io.flutter.plugins.firebasemessaging.FirebaseMessagingPlugin$4 -> io.flutter.plugins.firebasemessaging.a$d:
    io.flutter.plugin.common.MethodChannel$Result val$result -> a
    void onComplete(com.google.android.gms.tasks.Task) -> a
io.flutter.plugins.firebasemessaging.FirebaseMessagingPlugin$5 -> io.flutter.plugins.firebasemessaging.a$e:
    io.flutter.plugin.common.MethodChannel$Result val$result -> a
    io.flutter.plugins.firebasemessaging.FirebaseMessagingPlugin this$0 -> b
io.flutter.plugins.firebasemessaging.FirebaseMessagingPlugin$5$1 -> io.flutter.plugins.firebasemessaging.a$e$a:
    io.flutter.plugins.firebasemessaging.FirebaseMessagingPlugin$5 this$1 -> a
io.flutter.plugins.firebasemessaging.FirebaseMessagingPlugin$5$2 -> io.flutter.plugins.firebasemessaging.a$e$b:
    io.flutter.plugins.firebasemessaging.FirebaseMessagingPlugin$5 this$1 -> a